<?xml version="1.0" encoding="UTF-8"?>
<testng-results skipped="0" failed="1" ignored="0" total="1" passed="0">
  <reporter-output>
  </reporter-output>
  <suite name="Suite" duration-ms="105556" started-at="2019-04-24T17:14:15Z" finished-at="2019-04-24T17:16:01Z">
    <groups>
    </groups>
    <test name="NaveenAutomationLabAssignment2_Chrome" duration-ms="105556" started-at="2019-04-24T17:14:15Z" finished-at="2019-04-24T17:16:01Z">
      <class name="tests.lab.naveenautomation.NaveenAutomationLabAssignment2">
        <test-method status="PASS" signature="determineSystemOs()[pri:0, instance:tests.lab.naveenautomation.NaveenAutomationLabAssignment2@59494225]" name="determineSystemOs" is-config="true" duration-ms="17" started-at="2019-04-24T17:14:15Z" finished-at="2019-04-24T17:14:15Z">
          <reporter-output>
          </reporter-output>
        </test-method> <!-- determineSystemOs -->
        <test-method status="PASS" signature="setup()[pri:0, instance:tests.lab.naveenautomation.NaveenAutomationLabAssignment2@59494225]" name="setup" is-config="true" duration-ms="557" started-at="2019-04-24T17:14:15Z" finished-at="2019-04-24T17:14:16Z">
          <reporter-output>
          </reporter-output>
        </test-method> <!-- setup -->
        <test-method status="PASS" signature="beforeMethodDoThis(java.lang.String, java.lang.reflect.Method)[pri:0, instance:tests.lab.naveenautomation.NaveenAutomationLabAssignment2@59494225]" name="beforeMethodDoThis" is-config="true" duration-ms="21858" started-at="2019-04-24T17:14:16Z" finished-at="2019-04-24T17:14:38Z">
          <params>
            <param index="0">
              <value>
                <![CDATA[chrome]]>
              </value>
            </param>
            <param index="1">
              <value>
                <![CDATA[public void tests.lab.naveenautomation.NaveenAutomationLabAssignment2.test()]]>
              </value>
            </param>
          </params>
          <reporter-output>
          </reporter-output>
        </test-method> <!-- beforeMethodDoThis -->
        <test-method status="FAIL" signature="test()[pri:0, instance:tests.lab.naveenautomation.NaveenAutomationLabAssignment2@59494225]" name="test" duration-ms="82572" started-at="2019-04-24T17:14:38Z" finished-at="2019-04-24T17:16:00Z">
          <exception class="java.lang.RuntimeException">
            <full-stacktrace>
              <![CDATA[java.lang.RuntimeException
at base.lab.naveenautomation.Base.reportStep(Base.java:196)
at base.lab.naveenautomation.Base.reportStep(Base.java:206)
at page.lab.naveenautomation.MakeMyTripFlightListPage.<init>(MakeMyTripFlightListPage.java:45)
at page.lab.naveenautomation.MakeMyTripStartPage.clickOnSearchButton(MakeMyTripStartPage.java:260)
at tests.lab.naveenautomation.NaveenAutomationLabAssignment2.test(NaveenAutomationLabAssignment2.java:34)
at sun.reflect.NativeMethodAccessorImpl.invoke0(Native Method)
at sun.reflect.NativeMethodAccessorImpl.invoke(Unknown Source)
at sun.reflect.DelegatingMethodAccessorImpl.invoke(Unknown Source)
at java.lang.reflect.Method.invoke(Unknown Source)
at org.testng.internal.MethodInvocationHelper.invokeMethod(MethodInvocationHelper.java:124)
at org.testng.internal.Invoker.invokeMethod(Invoker.java:583)
at org.testng.internal.Invoker.invokeTestMethod(Invoker.java:719)
at org.testng.internal.Invoker.invokeTestMethods(Invoker.java:989)
at org.testng.internal.TestMethodWorker.invokeTestMethods(TestMethodWorker.java:125)
at org.testng.internal.TestMethodWorker.run(TestMethodWorker.java:109)
at java.util.concurrent.ThreadPoolExecutor.runWorker(Unknown Source)
at java.util.concurrent.ThreadPoolExecutor$Worker.run(Unknown Source)
at java.lang.Thread.run(Unknown Source)
]]>
            </full-stacktrace>
          </exception> <!-- java.lang.RuntimeException -->
          <reporter-output>
          </reporter-output>
        </test-method> <!-- test -->
        <test-method status="PASS" signature="afterMethod(org.testng.ITestResult)[pri:0, instance:tests.lab.naveenautomation.NaveenAutomationLabAssignment2@59494225]" name="afterMethod" is-config="true" duration-ms="1" started-at="2019-04-24T17:16:00Z" finished-at="2019-04-24T17:16:00Z">
          <params>
            <param index="0">
              <value>
                <![CDATA[[TestResult name=test status=FAILURE method=NaveenAutomationLabAssignment2.test()[pri:0, instance:tests.lab.naveenautomation.NaveenAutomationLabAssignment2@59494225] output={null}]]]>
              </value>
            </param>
          </params>
          <reporter-output>
          </reporter-output>
        </test-method> <!-- afterMethod -->
        <test-method status="PASS" signature="cleanUp()[pri:0, instance:tests.lab.naveenautomation.NaveenAutomationLabAssignment2@59494225]" name="cleanUp" is-config="true" duration-ms="544" started-at="2019-04-24T17:16:00Z" finished-at="2019-04-24T17:16:01Z">
          <reporter-output>
          </reporter-output>
        </test-method> <!-- cleanUp -->
      </class> <!-- tests.lab.naveenautomation.NaveenAutomationLabAssignment2 -->
    </test> <!-- NaveenAutomationLabAssignment2_Chrome -->
  </suite> <!-- Suite -->
</testng-results>
